<?xml version="1.0" encoding="utf-8"?><testsuites name="pytest tests"><testsuite name="pytest" errors="0" failures="0" skipped="0" tests="15" time="1.152" timestamp="2026-08-07T16:54:22.092493+00:00" hostname="agent-env-625718af-17ca-4dad-b8ae-074dae55fd8c"><testcase classname="tests.backend_test.TestHealth" name="test_root_ok" time="0.219" /><testcase classname="tests.backend_test.TestHealth" name="test_stats" time="0.049" /><testcase classname="tests.backend_test.TestContact" name="test_contact_valid" time="0.054" /><testcase classname="tests.backend_test.TestContact" name="test_contact_minimal_fields" time="0.048" /><testcase classname="tests.backend_test.TestContact" name="test_contact_invalid_email_422" time="0.050" /><testcase classname="tests.backend_test.TestContact" name="test_contact_missing_fields_422" time="0.047" /><testcase classname="tests.backend_test.TestContact" name="test_contact_empty_message_422" time="0.045" /><testcase classname="tests.backend_test.TestNewsletter" name="test_subscribe_and_duplicate" time="0.125" /><testcase classname="tests.backend_test.TestNewsletter" name="test_subscribe_invalid_email" time="0.045" /><testcase classname="tests.backend_test.TestEnroll" name="test_enroll_ok[adv-web]" time="0.068" /><testcase classname="tests.backend_test.TestEnroll" name="test_enroll_ok[ai-python]" time="0.055" /><testcase classname="tests.backend_test.TestEnroll" name="test_enroll_ok[llm-apps]" time="0.050" /><testcase classname="tests.backend_test.TestEnroll" name="test_enroll_invalid_email" time="0.050" /><testcase classname="tests.backend_test.TestEnroll" name="test_enroll_missing_course_id" time="0.046" /><testcase classname="tests.backend_test.TestPersistence" name="test_contact_persisted_in_mongo" time="0.134" /></testsuite></testsuites>